<?xml version="1.0" encoding="UTF-8"?>
<!-- Generated by org.testng.reporters.JUnitReportReporter -->
<testsuite skipped="0" hostname="DESKTOP-PNKUBL2" name="com.test.testcase.VendorSearch" tests="1" failures="0" timestamp="12 Oct 2019 14:54:49 GMT" time="13.402" errors="0">
  <testcase name="validateVendorSearch" time="13.402" classname="com.test.testcase.VendorSearch"/>
</testsuite> <!-- com.test.testcase.VendorSearch -->
